<?xml version="1.0" encoding="UTF-8"?>
<!-- Generated by org.testng.reporters.JUnitReportReporter -->
<testsuite hostname="JV-LAP093" failures="0" tests="5" name="tests.TestDaraz" time="127.595" errors="0" timestamp="2024-03-28T19:25:18 NPT" skipped="0">
  <testcase classname="tests.TestDaraz" name="loadWebsite" time="11.208"/>
  <system-out/>
  <testcase classname="tests.TestDaraz" name="loginTest" time="13.878"/>
  <system-out/>
  <testcase classname="tests.TestDaraz" name="searchItem" time="35.968"/>
  <system-out/>
  <testcase classname="tests.TestDaraz" name="flashSale_test" time="26.091"/>
  <system-out/>
  <testcase classname="tests.TestDaraz" name="sneaker_test" time="40.450"/>
  <system-out/>
</testsuite> <!-- tests.TestDaraz -->
